# JRE version: OpenJDK Runtime Environment (8.0_242-b01) (build 1.8.0_242-release-1644-b01)
# Java VM: OpenJDK 64-Bit Server VM (25.242-b01 mixed mode windows-amd64 compressed oops)
Heap:
 PSYoungGen      total 123392K, used 58972K [0x000000076ab00000, 0x0000000772f80000, 0x00000007c0000000)
  eden space 111104K, 42% used [0x000000076ab00000,0x000000076d89a7a0,0x0000000771780000)
  from space 12288K, 99% used [0x0000000771780000,0x000000077237cbe8,0x0000000772380000)
  to   space 9728K, 0% used [0x0000000772600000,0x0000000772600000,0x0000000772f80000)
 ParOldGen       total 89600K, used 21861K [0x00000006c0000000, 0x00000006c5780000, 0x000000076ab00000)
  object space 89600K, 24% used [0x00000006c0000000,0x00000006c1559698,0x00000006c5780000)
 Metaspace       used 52894K, capacity 55228K, committed 55512K, reserved 1097728K
  class space    used 7113K, capacity 7648K, committed 7680K, reserved 1048576K
GC Heap History (10 events):
Event: 3.918 GC heap before
{Heap before GC invocations=7 (full 1):
 PSYoungGen      total 76288K, used 73683K [0x000000076ab00000, 0x0000000773280000, 0x00000007c0000000)
  eden space 65536K, 100% used [0x000000076ab00000,0x000000076eb00000,0x000000076eb00000)
  from space 10752K, 75% used [0x000000076eb00000,0x000000076f2f4fe0,0x000000076f580000)
  to   space 12800K, 0% used [0x0000000772600000,0x0000000772600000,0x0000000773280000)
 ParOldGen       total 89600K, used 7110K [0x00000006c0000000, 0x00000006c5780000, 0x000000076ab00000)
  object space 89600K, 7% used [0x00000006c0000000,0x00000006c06f19a8,0x00000006c5780000)
 Metaspace       used 32748K, capacity 33840K, committed 33920K, reserved 1079296K
  class space    used 4462K, capacity 4722K, committed 4736K, reserved 1048576K
Event: 3.926 GC heap after
Heap after GC invocations=7 (full 1):
 PSYoungGen      total 120832K, used 9307K [0x000000076ab00000, 0x0000000772f80000, 0x00000007c0000000)
  eden space 111104K, 0% used [0x000000076ab00000,0x000000076ab00000,0x0000000771780000)
  from space 9728K, 95% used [0x0000000772600000,0x0000000772f16f78,0x0000000772f80000)
  to   space 12288K, 0% used [0x0000000771780000,0x0000000771780000,0x0000000772380000)
 ParOldGen       total 89600K, used 7118K [0x00000006c0000000, 0x00000006c5780000, 0x000000076ab00000)
  object space 89600K, 7% used [0x00000006c0000000,0x00000006c06f39a8,0x00000006c5780000)
 Metaspace       used 32748K, capacity 33840K, committed 33920K, reserved 1079296K
  class space    used 4462K, capacity 4722K, committed 4736K, reserved 1048576K
}
Event: 4.178 GC heap before
{Heap before GC invocations=8 (full 1):
 PSYoungGen      total 120832K, used 43464K [0x000000076ab00000, 0x0000000772f80000, 0x00000007c0000000)
  eden space 111104K, 30% used [0x000000076ab00000,0x000000076cc5b150,0x0000000771780000)
  from space 9728K, 95% used [0x0000000772600000,0x0000000772f16f78,0x0000000772f80000)
  to   space 12288K, 0% used [0x0000000771780000,0x0000000771780000,0x0000000772380000)
 ParOldGen       total 89600K, used 7118K [0x00000006c0000000, 0x00000006c5780000, 0x000000076ab00000)
  object space 89600K, 7% used [0x00000006c0000000,0x00000006c06f39a8,0x00000006c5780000)
 Metaspace       used 34142K, capacity 35392K, committed 35416K, reserved 1079296K
  class space    used 4684K, capacity 4973K, committed 4992K, reserved 1048576K
Event: 4.188 GC heap after
Heap after GC invocations=8 (full 1):
 PSYoungGen      total 123392K, used 8268K [0x000000076ab00000, 0x0000000772f80000, 0x00000007c0000000)
  eden space 111104K, 0% used [0x000000076ab00000,0x000000076ab00000,0x0000000771780000)
  from space 12288K, 67% used [0x0000000771780000,0x0000000771f93120,0x0000000772380000)
  to   space 9728K, 0% used [0x0000000772600000,0x0000000772600000,0x0000000772f80000)
 ParOldGen       total 89600K, used 7126K [0x00000006c0000000, 0x00000006c5780000, 0x000000076ab00000)
  object space 89600K, 7% used [0x00000006c0000000,0x00000006c06f59a8,0x00000006c5780000)
 Metaspace       used 34142K, capacity 35392K, committed 35416K, reserved 1079296K
  class space    used 4684K, capacity 4973K, committed 4992K, reserved 1048576K
}
Event: 4.188 GC heap before
{Heap before GC invocations=9 (full 2):
 PSYoungGen      total 123392K, used 8268K [0x000000076ab00000, 0x0000000772f80000, 0x00000007c0000000)
  eden space 111104K, 0% used [0x000000076ab00000,0x000000076ab00000,0x0000000771780000)
  from space 12288K, 67% used [0x0000000771780000,0x0000000771f93120,0x0000000772380000)
  to   space 9728K, 0% used [0x0000000772600000,0x0000000772600000,0x0000000772f80000)
 ParOldGen       total 89600K, used 7126K [0x00000006c0000000, 0x00000006c5780000, 0x000000076ab00000)
  object space 89600K, 7% used [0x00000006c0000000,0x00000006c06f59a8,0x00000006c5780000)
 Metaspace       used 34142K, capacity 35392K, committed 35416K, reserved 1079296K
  class space    used 4684K, capacity 4973K, committed 4992K, reserved 1048576K
Event: 4.262 GC heap after
Heap after GC invocations=9 (full 2):
 PSYoungGen      total 123392K, used 0K [0x000000076ab00000, 0x0000000772f80000, 0x00000007c0000000)
  eden space 111104K, 0% used [0x000000076ab00000,0x000000076ab00000,0x0000000771780000)
  from space 12288K, 0% used [0x0000000771780000,0x0000000771780000,0x0000000772380000)
  to   space 9728K, 0% used [0x0000000772600000,0x0000000772600000,0x0000000772f80000)
 ParOldGen       total 89600K, used 14942K [0x00000006c0000000, 0x00000006c5780000, 0x000000076ab00000)
  object space 89600K, 16% used [0x00000006c0000000,0x00000006c0e978f0,0x00000006c5780000)
 Metaspace       used 34142K, capacity 35392K, committed 35416K, reserved 1079296K
  class space    used 4684K, capacity 4973K, committed 4992K, reserved 1048576K
}
Event: 8.075 GC heap before
{Heap before GC invocations=10 (full 2):
 PSYoungGen      total 123392K, used 111104K [0x000000076ab00000, 0x0000000772f80000, 0x00000007c0000000)
  eden space 111104K, 100% used [0x000000076ab00000,0x0000000771780000,0x0000000771780000)
  from space 12288K, 0% used [0x0000000771780000,0x0000000771780000,0x0000000772380000)
  to   space 9728K, 0% used [0x0000000772600000,0x0000000772600000,0x0000000772f80000)
 ParOldGen       total 89600K, used 14942K [0x00000006c0000000, 0x00000006c5780000, 0x000000076ab00000)
  object space 89600K, 16% used [0x00000006c0000000,0x00000006c0e978f0,0x00000006c5780000)
 Metaspace       used 38221K, capacity 40020K, committed 40280K, reserved 1083392K
  class space    used 5262K, capacity 5653K, committed 5760K, reserved 1048576K
Event: 8.080 GC heap after
Heap after GC invocations=10 (full 2):
 PSYoungGen      total 120832K, used 8974K [0x000000076ab00000, 0x0000000772f80000, 0x00000007c0000000)
  eden space 111104K, 0% used [0x000000076ab00000,0x000000076ab00000,0x0000000771780000)
  from space 9728K, 92% used [0x0000000772600000,0x0000000772ec38d8,0x0000000772f80000)
  to   space 12288K, 0% used [0x0000000771780000,0x0000000771780000,0x0000000772380000)
 ParOldGen       total 89600K, used 14950K [0x00000006c0000000, 0x00000006c5780000, 0x000000076ab00000)
  object space 89600K, 16% used [0x00000006c0000000,0x00000006c0e998f0,0x00000006c5780000)
 Metaspace       used 38221K, capacity 40020K, committed 40280K, reserved 1083392K
  class space    used 5262K, capacity 5653K, committed 5760K, reserved 1048576K
}
Event: 9.553 GC heap before
{Heap before GC invocations=11 (full 2):
 PSYoungGen      total 120832K, used 120078K [0x000000076ab00000, 0x0000000772f80000, 0x00000007c0000000)
  eden space 111104K, 100% used [0x000000076ab00000,0x0000000771780000,0x0000000771780000)
  from space 9728K, 92% used [0x0000000772600000,0x0000000772ec38d8,0x0000000772f80000)
  to   space 12288K, 0% used [0x0000000771780000,0x0000000771780000,0x0000000772380000)
 ParOldGen       total 89600K, used 14950K [0x00000006c0000000, 0x00000006c5780000, 0x000000076ab00000)
  object space 89600K, 16% used [0x00000006c0000000,0x00000006c0e998f0,0x00000006c5780000)
 Metaspace       used 50336K, capacity 52436K, committed 52696K, reserved 1095680K
  class space    used 6719K, capacity 7141K, committed 7168K, reserved 1048576K
Event: 9.565 GC heap after
Heap after GC invocations=11 (full 2):
 PSYoungGen      total 123392K, used 12274K [0x000000076ab00000, 0x0000000772f80000, 0x00000007c0000000)
  eden space 111104K, 0% used [0x000000076ab00000,0x000000076ab00000,0x0000000771780000)
  from space 12288K, 99% used [0x0000000771780000,0x000000077237cbe8,0x0000000772380000)
  to   space 9728K, 0% used [0x0000000772600000,0x0000000772600000,0x0000000772f80000)
 ParOldGen       total 89600K, used 21861K [0x00000006c0000000, 0x00000006c5780000, 0x000000076ab00000)
  object space 89600K, 24% used [0x00000006c0000000,0x00000006c1559698,0x00000006c5780000)
 Metaspace       used 50336K, capacity 52436K, committed 52696K, reserved 1095680K
  class space    used 6719K, capacity 7141K, committed 7168K, reserved 1048576K
}

