# JRE version: OpenJDK Runtime Environment (8.0_242-b01) (build 1.8.0_242-release-1644-b01)
# Java VM: OpenJDK 64-Bit Server VM (25.242-b01 mixed mode windows-amd64 compressed oops)
Heap:
 PSYoungGen      total 370688K, used 83472K [0x000000076ab00000, 0x0000000785600000, 0x00000007c0000000)
  eden space 304128K, 19% used [0x000000076ab00000,0x000000076e391440,0x000000077d400000)
  from space 66560K, 38% used [0x0000000781500000,0x0000000782df2d08,0x0000000785600000)
  to   space 66560K, 0% used [0x000000077d400000,0x000000077d400000,0x0000000781500000)
 ParOldGen       total 296960K, used 118384K [0x00000006c0000000, 0x00000006d2200000, 0x000000076ab00000)
  object space 296960K, 39% used [0x00000006c0000000,0x00000006c739c280,0x00000006d2200000)
 Metaspace       used 123758K, capacity 132340K, committed 132440K, reserved 1163264K
  class space    used 16000K, capacity 17719K, committed 17792K, reserved 1048576K
GC Heap History (10 events):
Event: 2197.083 GC heap before
{Heap before GC invocations=28 (full 4):
 PSYoungGen      total 257024K, used 256586K [0x000000076ab00000, 0x000000077ee80000, 0x00000007c0000000)
  eden space 217600K, 100% used [0x000000076ab00000,0x0000000777f80000,0x0000000777f80000)
  from space 39424K, 98% used [0x0000000778500000,0x000000077ab12b10,0x000000077ab80000)
  to   space 56832K, 0% used [0x000000077b700000,0x000000077b700000,0x000000077ee80000)
 ParOldGen       total 296960K, used 81220K [0x00000006c0000000, 0x00000006d2200000, 0x000000076ab00000)
  object space 296960K, 27% used [0x00000006c0000000,0x00000006c4f51310,0x00000006d2200000)
 Metaspace       used 122753K, capacity 131216K, committed 131416K, reserved 1163264K
  class space    used 15977K, capacity 17705K, committed 17792K, reserved 1048576K
Event: 2197.120 GC heap after
Heap after GC invocations=28 (full 4):
 PSYoungGen      total 265728K, used 56819K [0x000000076ab00000, 0x0000000782000000, 0x00000007c0000000)
  eden space 208896K, 0% used [0x000000076ab00000,0x000000076ab00000,0x0000000777700000)
  from space 56832K, 99% used [0x000000077b700000,0x000000077ee7cec8,0x000000077ee80000)
  to   space 65536K, 0% used [0x0000000777700000,0x0000000777700000,0x000000077b700000)
 ParOldGen       total 296960K, used 84055K [0x00000006c0000000, 0x00000006d2200000, 0x000000076ab00000)
  object space 296960K, 28% used [0x00000006c0000000,0x00000006c5215f08,0x00000006d2200000)
 Metaspace       used 122753K, capacity 131216K, committed 131416K, reserved 1163264K
  class space    used 15977K, capacity 17705K, committed 17792K, reserved 1048576K
}
Event: 2197.906 GC heap before
{Heap before GC invocations=29 (full 4):
 PSYoungGen      total 265728K, used 265715K [0x000000076ab00000, 0x0000000782000000, 0x00000007c0000000)
  eden space 208896K, 100% used [0x000000076ab00000,0x0000000777700000,0x0000000777700000)
  from space 56832K, 99% used [0x000000077b700000,0x000000077ee7cec8,0x000000077ee80000)
  to   space 65536K, 0% used [0x0000000777700000,0x0000000777700000,0x000000077b700000)
 ParOldGen       total 296960K, used 84055K [0x00000006c0000000, 0x00000006d2200000, 0x000000076ab00000)
  object space 296960K, 28% used [0x00000006c0000000,0x00000006c5215f08,0x00000006d2200000)
 Metaspace       used 123147K, capacity 131664K, committed 131928K, reserved 1163264K
  class space    used 15993K, capacity 17715K, committed 17792K, reserved 1048576K
Event: 2197.952 GC heap after
Heap after GC invocations=29 (full 4):
 PSYoungGen      total 274432K, used 57107K [0x000000076ab00000, 0x0000000782780000, 0x00000007c0000000)
  eden space 208896K, 0% used [0x000000076ab00000,0x000000076ab00000,0x0000000777700000)
  from space 65536K, 87% used [0x0000000777700000,0x000000077aec4fa8,0x000000077b700000)
  to   space 72192K, 0% used [0x000000077e100000,0x000000077e100000,0x0000000782780000)
 ParOldGen       total 296960K, used 87094K [0x00000006c0000000, 0x00000006d2200000, 0x000000076ab00000)
  object space 296960K, 29% used [0x00000006c0000000,0x00000006c550dba0,0x00000006d2200000)
 Metaspace       used 123147K, capacity 131664K, committed 131928K, reserved 1163264K
  class space    used 15993K, capacity 17715K, committed 17792K, reserved 1048576K
}
Event: 2198.502 GC heap before
{Heap before GC invocations=30 (full 4):
 PSYoungGen      total 274432K, used 266003K [0x000000076ab00000, 0x0000000782780000, 0x00000007c0000000)
  eden space 208896K, 100% used [0x000000076ab00000,0x0000000777700000,0x0000000777700000)
  from space 65536K, 87% used [0x0000000777700000,0x000000077aec4fa8,0x000000077b700000)
  to   space 72192K, 0% used [0x000000077e100000,0x000000077e100000,0x0000000782780000)
 ParOldGen       total 296960K, used 87094K [0x00000006c0000000, 0x00000006d2200000, 0x000000076ab00000)
  object space 296960K, 29% used [0x00000006c0000000,0x00000006c550dba0,0x00000006d2200000)
 Metaspace       used 123532K, capacity 132012K, committed 132184K, reserved 1163264K
  class space    used 15998K, capacity 17715K, committed 17792K, reserved 1048576K
Event: 2198.559 GC heap after
Heap after GC invocations=30 (full 4):
 PSYoungGen      total 318464K, used 41959K [0x000000076ab00000, 0x0000000782e80000, 0x00000007c0000000)
  eden space 246272K, 0% used [0x000000076ab00000,0x000000076ab00000,0x0000000779b80000)
  from space 72192K, 58% used [0x000000077e100000,0x00000007809f9f00,0x0000000782780000)
  to   space 71168K, 0% used [0x0000000779b80000,0x0000000779b80000,0x000000077e100000)
 ParOldGen       total 296960K, used 102246K [0x00000006c0000000, 0x00000006d2200000, 0x000000076ab00000)
  object space 296960K, 34% used [0x00000006c0000000,0x00000006c63d9b48,0x00000006d2200000)
 Metaspace       used 123532K, capacity 132012K, committed 132184K, reserved 1163264K
  class space    used 15998K, capacity 17715K, committed 17792K, reserved 1048576K
}
Event: 2198.959 GC heap before
{Heap before GC invocations=31 (full 4):
 PSYoungGen      total 318464K, used 288231K [0x000000076ab00000, 0x0000000782e80000, 0x00000007c0000000)
  eden space 246272K, 100% used [0x000000076ab00000,0x0000000779b80000,0x0000000779b80000)
  from space 72192K, 58% used [0x000000077e100000,0x00000007809f9f00,0x0000000782780000)
  to   space 71168K, 0% used [0x0000000779b80000,0x0000000779b80000,0x000000077e100000)
 ParOldGen       total 296960K, used 102246K [0x00000006c0000000, 0x00000006d2200000, 0x000000076ab00000)
  object space 296960K, 34% used [0x00000006c0000000,0x00000006c63d9b48,0x00000006d2200000)
 Metaspace       used 123652K, capacity 132244K, committed 132440K, reserved 1163264K
  class space    used 15999K, capacity 17717K, committed 17792K, reserved 1048576K
Event: 2198.991 GC heap after
Heap after GC invocations=31 (full 4):
 PSYoungGen      total 317440K, used 36375K [0x000000076ab00000, 0x0000000785780000, 0x00000007c0000000)
  eden space 246272K, 0% used [0x000000076ab00000,0x000000076ab00000,0x0000000779b80000)
  from space 71168K, 51% used [0x0000000779b80000,0x000000077bf05e88,0x000000077e100000)
  to   space 68096K, 0% used [0x0000000781500000,0x0000000781500000,0x0000000785780000)
 ParOldGen       total 296960K, used 106620K [0x00000006c0000000, 0x00000006d2200000, 0x000000076ab00000)
  object space 296960K, 35% used [0x00000006c0000000,0x00000006c681f218,0x00000006d2200000)
 Metaspace       used 123652K, capacity 132244K, committed 132440K, reserved 1163264K
  class space    used 15999K, capacity 17717K, committed 17792K, reserved 1048576K
}
Event: 2199.332 GC heap before
{Heap before GC invocations=32 (full 4):
 PSYoungGen      total 317440K, used 282647K [0x000000076ab00000, 0x0000000785780000, 0x00000007c0000000)
  eden space 246272K, 100% used [0x000000076ab00000,0x0000000779b80000,0x0000000779b80000)
  from space 71168K, 51% used [0x0000000779b80000,0x000000077bf05e88,0x000000077e100000)
  to   space 68096K, 0% used [0x0000000781500000,0x0000000781500000,0x0000000785780000)
 ParOldGen       total 296960K, used 106620K [0x00000006c0000000, 0x00000006d2200000, 0x000000076ab00000)
  object space 296960K, 35% used [0x00000006c0000000,0x00000006c681f218,0x00000006d2200000)
 Metaspace       used 123729K, capacity 132276K, committed 132440K, reserved 1163264K
  class space    used 16000K, capacity 17719K, committed 17792K, reserved 1048576K
Event: 2199.358 GC heap after
Heap after GC invocations=32 (full 4):
 PSYoungGen      total 370688K, used 25547K [0x000000076ab00000, 0x0000000785600000, 0x00000007c0000000)
  eden space 304128K, 0% used [0x000000076ab00000,0x000000076ab00000,0x000000077d400000)
  from space 66560K, 38% used [0x0000000781500000,0x0000000782df2d08,0x0000000785600000)
  to   space 66560K, 0% used [0x000000077d400000,0x000000077d400000,0x0000000781500000)
 ParOldGen       total 296960K, used 118384K [0x00000006c0000000, 0x00000006d2200000, 0x000000076ab00000)
  object space 296960K, 39% used [0x00000006c0000000,0x00000006c739c280,0x00000006d2200000)
 Metaspace       used 123729K, capacity 132276K, committed 132440K, reserved 1163264K
  class space    used 16000K, capacity 17719K, committed 17792K, reserved 1048576K
}

