# JRE version: OpenJDK Runtime Environment (8.0_242-b01) (build 1.8.0_242-release-1644-b01)
# Java VM: OpenJDK 64-Bit Server VM (25.242-b01 mixed mode windows-amd64 compressed oops)
Heap:
 PSYoungGen      total 451584K, used 148622K [0x000000076ab00000, 0x000000078a700000, 0x00000007c0000000)
  eden space 389120K, 34% used [0x000000076ab00000,0x0000000772fc0d20,0x0000000782700000)
  from space 62464K, 20% used [0x0000000782700000,0x0000000783362e78,0x0000000786400000)
  to   space 56832K, 0% used [0x0000000786400000,0x0000000786400000,0x0000000789b80000)
 ParOldGen       total 209408K, used 68917K [0x00000006c0000000, 0x00000006ccc80000, 0x000000076ab00000)
  object space 209408K, 32% used [0x00000006c0000000,0x00000006c434d520,0x00000006ccc80000)
 Metaspace       used 97188K, capacity 102086K, committed 103640K, reserved 1138688K
  class space    used 12623K, capacity 13611K, committed 14080K, reserved 1048576K
GC Heap History (10 events):
Event: 21.959 GC heap before
{Heap before GC invocations=21 (full 3):
 PSYoungGen      total 353792K, used 343032K [0x000000076ab00000, 0x0000000786280000, 0x00000007c0000000)
  eden space 310272K, 100% used [0x000000076ab00000,0x000000077da00000,0x000000077da00000)
  from space 43520K, 75% used [0x000000077da00000,0x000000077f9fe398,0x0000000780480000)
  to   space 46080K, 0% used [0x0000000783580000,0x0000000783580000,0x0000000786280000)
 ParOldGen       total 209408K, used 58483K [0x00000006c0000000, 0x00000006ccc80000, 0x000000076ab00000)
  object space 209408K, 27% used [0x00000006c0000000,0x00000006c391ccc0,0x00000006ccc80000)
 Metaspace       used 84455K, capacity 89856K, committed 89944K, reserved 1126400K
  class space    used 11547K, capacity 12649K, committed 12672K, reserved 1048576K
Event: 22.001 GC heap after
Heap after GC invocations=21 (full 3):
 PSYoungGen      total 397312K, used 46077K [0x000000076ab00000, 0x0000000786d80000, 0x00000007c0000000)
  eden space 351232K, 0% used [0x000000076ab00000,0x000000076ab00000,0x0000000780200000)
  from space 46080K, 99% used [0x0000000783580000,0x000000078627f7a8,0x0000000786280000)
  to   space 52736K, 0% used [0x0000000780200000,0x0000000780200000,0x0000000783580000)
 ParOldGen       total 209408K, used 59158K [0x00000006c0000000, 0x00000006ccc80000, 0x000000076ab00000)
  object space 209408K, 28% used [0x00000006c0000000,0x00000006c39c5928,0x00000006ccc80000)
 Metaspace       used 84455K, capacity 89856K, committed 89944K, reserved 1126400K
  class space    used 11547K, capacity 12649K, committed 12672K, reserved 1048576K
}
Event: 31.560 GC heap before
{Heap before GC invocations=22 (full 3):
 PSYoungGen      total 397312K, used 397309K [0x000000076ab00000, 0x0000000786d80000, 0x00000007c0000000)
  eden space 351232K, 100% used [0x000000076ab00000,0x0000000780200000,0x0000000780200000)
  from space 46080K, 99% used [0x0000000783580000,0x000000078627f7a8,0x0000000786280000)
  to   space 52736K, 0% used [0x0000000780200000,0x0000000780200000,0x0000000783580000)
 ParOldGen       total 209408K, used 59158K [0x00000006c0000000, 0x00000006ccc80000, 0x000000076ab00000)
  object space 209408K, 28% used [0x00000006c0000000,0x00000006c39c5928,0x00000006ccc80000)
 Metaspace       used 86470K, capacity 92050K, committed 92248K, reserved 1128448K
  class space    used 11730K, capacity 12824K, committed 12928K, reserved 1048576K
Event: 31.586 GC heap after
Heap after GC invocations=22 (full 3):
 PSYoungGen      total 403968K, used 41514K [0x000000076ab00000, 0x0000000789b80000, 0x00000007c0000000)
  eden space 351232K, 0% used [0x000000076ab00000,0x000000076ab00000,0x0000000780200000)
  from space 52736K, 78% used [0x0000000780200000,0x0000000782a8ab38,0x0000000783580000)
  to   space 56832K, 0% used [0x0000000786400000,0x0000000786400000,0x0000000789b80000)
 ParOldGen       total 209408K, used 59166K [0x00000006c0000000, 0x00000006ccc80000, 0x000000076ab00000)
  object space 209408K, 28% used [0x00000006c0000000,0x00000006c39c7928,0x00000006ccc80000)
 Metaspace       used 86470K, capacity 92050K, committed 92248K, reserved 1128448K
  class space    used 11730K, capacity 12824K, committed 12928K, reserved 1048576K
}
Event: 33.522 GC heap before
{Heap before GC invocations=23 (full 3):
 PSYoungGen      total 403968K, used 224377K [0x000000076ab00000, 0x0000000789b80000, 0x00000007c0000000)
  eden space 351232K, 52% used [0x000000076ab00000,0x0000000775d93a68,0x0000000780200000)
  from space 52736K, 78% used [0x0000000780200000,0x0000000782a8ab38,0x0000000783580000)
  to   space 56832K, 0% used [0x0000000786400000,0x0000000786400000,0x0000000789b80000)
 ParOldGen       total 209408K, used 59166K [0x00000006c0000000, 0x00000006ccc80000, 0x000000076ab00000)
  object space 209408K, 28% used [0x00000006c0000000,0x00000006c39c7928,0x00000006ccc80000)
 Metaspace       used 92211K, capacity 98000K, committed 98264K, reserved 1134592K
  class space    used 12414K, capacity 13556K, committed 13568K, reserved 1048576K
Event: 33.563 GC heap after
Heap after GC invocations=23 (full 3):
 PSYoungGen      total 445952K, used 49901K [0x000000076ab00000, 0x000000078a700000, 0x00000007c0000000)
  eden space 389120K, 0% used [0x000000076ab00000,0x000000076ab00000,0x0000000782700000)
  from space 56832K, 87% used [0x0000000786400000,0x00000007894bb7e8,0x0000000789b80000)
  to   space 62464K, 0% used [0x0000000782700000,0x0000000782700000,0x0000000786400000)
 ParOldGen       total 209408K, used 59174K [0x00000006c0000000, 0x00000006ccc80000, 0x000000076ab00000)
  object space 209408K, 28% used [0x00000006c0000000,0x00000006c39c9928,0x00000006ccc80000)
 Metaspace       used 92211K, capacity 98000K, committed 98264K, reserved 1134592K
  class space    used 12414K, capacity 13556K, committed 13568K, reserved 1048576K
}
Event: 33.563 GC heap before
{Heap before GC invocations=24 (full 4):
 PSYoungGen      total 445952K, used 49901K [0x000000076ab00000, 0x000000078a700000, 0x00000007c0000000)
  eden space 389120K, 0% used [0x000000076ab00000,0x000000076ab00000,0x0000000782700000)
  from space 56832K, 87% used [0x0000000786400000,0x00000007894bb7e8,0x0000000789b80000)
  to   space 62464K, 0% used [0x0000000782700000,0x0000000782700000,0x0000000786400000)
 ParOldGen       total 209408K, used 59174K [0x00000006c0000000, 0x00000006ccc80000, 0x000000076ab00000)
  object space 209408K, 28% used [0x00000006c0000000,0x00000006c39c9928,0x00000006ccc80000)
 Metaspace       used 92211K, capacity 98000K, committed 98264K, reserved 1134592K
  class space    used 12414K, capacity 13556K, committed 13568K, reserved 1048576K
Event: 33.725 GC heap after
Heap after GC invocations=24 (full 4):
 PSYoungGen      total 445952K, used 0K [0x000000076ab00000, 0x000000078a700000, 0x00000007c0000000)
  eden space 389120K, 0% used [0x000000076ab00000,0x000000076ab00000,0x0000000782700000)
  from space 56832K, 0% used [0x0000000786400000,0x0000000786400000,0x0000000789b80000)
  to   space 62464K, 0% used [0x0000000782700000,0x0000000782700000,0x0000000786400000)
 ParOldGen       total 209408K, used 68909K [0x00000006c0000000, 0x00000006ccc80000, 0x000000076ab00000)
  object space 209408K, 32% used [0x00000006c0000000,0x00000006c434b520,0x00000006ccc80000)
 Metaspace       used 91383K, capacity 96028K, committed 98264K, reserved 1134592K
  class space    used 12122K, capacity 13034K, committed 13568K, reserved 1048576K
}
Event: 36.845 GC heap before
{Heap before GC invocations=25 (full 4):
 PSYoungGen      total 445952K, used 388642K [0x000000076ab00000, 0x000000078a700000, 0x00000007c0000000)
  eden space 389120K, 99% used [0x000000076ab00000,0x0000000782688b38,0x0000000782700000)
  from space 56832K, 0% used [0x0000000786400000,0x0000000786400000,0x0000000789b80000)
  to   space 62464K, 0% used [0x0000000782700000,0x0000000782700000,0x0000000786400000)
 ParOldGen       total 209408K, used 68909K [0x00000006c0000000, 0x00000006ccc80000, 0x000000076ab00000)
  object space 209408K, 32% used [0x00000006c0000000,0x00000006c434b520,0x00000006ccc80000)
 Metaspace       used 93523K, capacity 98286K, committed 100056K, reserved 1136640K
  class space    used 12377K, capacity 13317K, committed 13824K, reserved 1048576K
Event: 36.859 GC heap after
Heap after GC invocations=25 (full 4):
 PSYoungGen      total 451584K, used 12683K [0x000000076ab00000, 0x000000078a700000, 0x00000007c0000000)
  eden space 389120K, 0% used [0x000000076ab00000,0x000000076ab00000,0x0000000782700000)
  from space 62464K, 20% used [0x0000000782700000,0x0000000783362e78,0x0000000786400000)
  to   space 56832K, 0% used [0x0000000786400000,0x0000000786400000,0x0000000789b80000)
 ParOldGen       total 209408K, used 68917K [0x00000006c0000000, 0x00000006ccc80000, 0x000000076ab00000)
  object space 209408K, 32% used [0x00000006c0000000,0x00000006c434d520,0x00000006ccc80000)
 Metaspace       used 93523K, capacity 98286K, committed 100056K, reserved 1136640K
  class space    used 12377K, capacity 13317K, committed 13824K, reserved 1048576K
}

